<?xml version="1.0" encoding="UTF-8"?>
<!-- Generated by org.testng.reporters.JUnitReportReporter -->
<testsuite hostname="DESKTOP-4KKQ0JE" failures="0" tests="2" name="TestNG.Test1" time="0.020" errors="0" timestamp="2022-11-09T11:55:27 IST" skipped="0">
  <testcase classname="TestNG.Test1" name="Business_logic_two" time="0.015"/>
  <system-out/>
  <testcase classname="TestNG.Test1" name="Business_logic_one" time="0.005"/>
  <system-out/>
</testsuite> <!-- TestNG.Test1 -->
