<?xml version="1.0" encoding="UTF-8"?>
<!-- Generated by org.testng.reporters.JUnitReportReporter -->
<testsuite hostname="DESKTOP-4KKQ0JE" failures="0" tests="1" name="TestNG.includes_excludes" time="0.015" errors="0" timestamp="2022-11-10T11:46:07 IST" skipped="0">
  <testcase classname="TestNG.includes_excludes" name="test1" time="0.015"/>
  <system-out/>
</testsuite> <!-- TestNG.includes_excludes -->
