<?xml version="1.0" encoding="UTF-8"?>
<!-- Generated by org.testng.reporters.JUnitReportReporter -->
<testsuite hostname="DESKTOP-4KKQ0JE" failures="0" tests="2" name="TestNG.DataProvider" time="31.737" errors="0" timestamp="2022-11-10T10:57:55 IST" skipped="0">
  <testcase classname="TestNG.DataProvider" name="Business_logic_one" time="16.487"/>
  <system-out/>
  <testcase classname="TestNG.DataProvider" name="Business_logic_one" time="15.250"/>
  <system-out/>
</testsuite> <!-- TestNG.DataProvider -->
