<?xml version="1.0" encoding="UTF-8"?>
<!-- Generated by org.testng.reporters.JUnitReportReporter -->
<testsuite hostname="DESKTOP-4KKQ0JE" failures="0" tests="4" name="TestNG.depends_on" time="0.014" errors="0" timestamp="2022-11-10T10:43:14 IST" skipped="0">
  <testcase classname="TestNG.depends_on" name="park_car" time="0.002"/>
  <system-out/>
  <testcase classname="TestNG.depends_on" name="stop_car" time="0.003"/>
  <system-out/>
  <testcase classname="TestNG.depends_on" name="start_car" time="0.008"/>
  <system-out/>
  <testcase classname="TestNG.depends_on" name="drive_car" time="0.001"/>
  <system-out/>
</testsuite> <!-- TestNG.depends_on -->
