<?xml version="1.0" encoding="UTF-8"?>
<!-- Generated by org.testng.reporters.JUnitReportReporter -->
<testsuite hostname="DESKTOP-4KKQ0JE" failures="0" tests="1" name="TestNG.parameter" time="14.995" errors="0" timestamp="2022-11-09T17:08:03 IST" skipped="0">
  <testcase classname="TestNG.parameter" name="Business_logic_Three" time="14.995"/>
  <system-out/>
</testsuite> <!-- TestNG.parameter -->
