<?xml version="1.0" encoding="UTF-8"?>
<!-- Generated by org.testng.reporters.JUnitReportReporter -->
<testsuite hostname="DESKTOP-4KKQ0JE" failures="0" tests="4" name="TestNG.enable_disable" time="0.010" errors="0" timestamp="2022-11-10T11:17:01 IST" skipped="2">
  <testcase classname="TestNG.enable_disable" name="test2" time="0.009"/>
  <system-out/>
  <testcase classname="TestNG.enable_disable" name="test4" time="0.001"/>
  <system-out/>
  <testcase classname="TestNG.enable_disable" name="test1">
    <skipped/>
  </testcase> <!-- test1 -->
  <system-out/>
  <testcase classname="TestNG.enable_disable" name="test3">
    <skipped/>
  </testcase> <!-- test3 -->
  <system-out/>
</testsuite> <!-- TestNG.enable_disable -->
