<?xml version="1.0" encoding="UTF-8"?>
<!-- Generated by org.testng.reporters.JUnitReportReporter -->
<testsuite hostname="DESKTOP-4KKQ0JE" failures="0" tests="4" name="TestNG.Test2" time="82.769" errors="0" timestamp="2022-11-09T13:22:25 IST" skipped="0">
  <testcase classname="TestNG.Test2" name="Business_logic_one" time="27.469"/>
  <system-out/>
  <testcase classname="TestNG.Test2" name="Business_logic_two" time="27.358"/>
  <system-out/>
  <testcase classname="TestNG.Test2" name="Business_logic_Three" time="15.333"/>
  <system-out/>
  <testcase classname="TestNG.Test2" name="Business_logic_four" time="12.609"/>
  <system-out/>
</testsuite> <!-- TestNG.Test2 -->
